2022-08-22 00:38:57.294  INFO 13148 --- [RMI TCP Connection(49)-127.0.0.1] inMXBeanRegistrar$SpringApplicationAdmin : Application shutdown requested.
2022-08-22 00:38:57.323  INFO 13148 --- [RMI TCP Connection(49)-127.0.0.1] j.LocalContainerEntityManagerFactoryBean : Closing JPA EntityManagerFactory for persistence unit 'default'
2022-08-22 00:38:57.326  INFO 13148 --- [RMI TCP Connection(49)-127.0.0.1] com.zaxxer.hikari.HikariDataSource       : HikariPool-1 - Shutdown initiated...
2022-08-22 00:38:57.331  INFO 13148 --- [RMI TCP Connection(49)-127.0.0.1] com.zaxxer.hikari.HikariDataSource       : HikariPool-1 - Shutdown completed.
2022-08-22 10:12:53.058  INFO 1940 --- [main] r.m.c.CodetyperBackendApplication        : Starting CodetyperBackendApplication using Java 18 on DESKTOP-5UTP3S5 with PID 1940 (D:\Coding\codetyper\codetyper-backend\target\classes started by marko in D:\Coding\codetyper\codetyper-backend)
2022-08-22 10:12:53.060  INFO 1940 --- [main] r.m.c.CodetyperBackendApplication        : No active profile set, falling back to 1 default profile: "default"
2022-08-22 10:12:53.496  INFO 1940 --- [main] .s.d.r.c.RepositoryConfigurationDelegate : Bootstrapping Spring Data JPA repositories in DEFAULT mode.
2022-08-22 10:12:53.534  INFO 1940 --- [main] .s.d.r.c.RepositoryConfigurationDelegate : Finished Spring Data repository scanning in 33 ms. Found 2 JPA repository interfaces.
2022-08-22 10:12:53.930  INFO 1940 --- [main] o.s.b.w.embedded.tomcat.TomcatWebServer  : Tomcat initialized with port(s): 8080 (http)
2022-08-22 10:12:53.936  INFO 1940 --- [main] o.apache.catalina.core.StandardService   : Starting service [Tomcat]
2022-08-22 10:12:53.936  INFO 1940 --- [main] org.apache.catalina.core.StandardEngine  : Starting Servlet engine: [Apache Tomcat/9.0.60]
2022-08-22 10:12:54.015  INFO 1940 --- [main] o.a.c.c.C.[Tomcat].[localhost].[/]       : Initializing Spring embedded WebApplicationContext
2022-08-22 10:12:54.015  INFO 1940 --- [main] w.s.c.ServletWebServerApplicationContext : Root WebApplicationContext: initialization completed in 919 ms
2022-08-22 10:12:54.103  INFO 1940 --- [main] com.zaxxer.hikari.HikariDataSource       : HikariPool-1 - Starting...
2022-08-22 10:12:54.412  INFO 1940 --- [main] com.zaxxer.hikari.HikariDataSource       : HikariPool-1 - Start completed.
2022-08-22 10:12:55.069  INFO 1940 --- [main] j.LocalContainerEntityManagerFactoryBean : Initialized JPA EntityManagerFactory for persistence unit 'default'
2022-08-22 10:12:55.328  WARN 1940 --- [main] JpaBaseConfiguration$JpaWebConfiguration : spring.jpa.open-in-view is enabled by default. Therefore, database queries may be performed during view rendering. Explicitly configure spring.jpa.open-in-view to disable this warning
2022-08-22 10:12:55.577  INFO 1940 --- [main] o.s.s.web.DefaultSecurityFilterChain     : Will not secure any request
2022-08-22 10:12:55.867  INFO 1940 --- [main] o.s.b.w.embedded.tomcat.TomcatWebServer  : Tomcat started on port(s): 8080 (http) with context path ''
2022-08-22 10:12:55.874  INFO 1940 --- [main] r.m.c.CodetyperBackendApplication        : Started CodetyperBackendApplication in 3.076 seconds (JVM running for 3.498)
2022-08-22 10:13:48.301  INFO 6740 --- [main] r.m.c.CodetyperBackendApplication        : Starting CodetyperBackendApplication using Java 18 on DESKTOP-5UTP3S5 with PID 6740 (D:\Coding\codetyper\codetyper-backend\target\classes started by marko in D:\Coding\codetyper\codetyper-backend)
2022-08-22 10:13:48.303  INFO 6740 --- [main] r.m.c.CodetyperBackendApplication        : No active profile set, falling back to 1 default profile: "default"
2022-08-22 10:13:48.735  INFO 6740 --- [main] .s.d.r.c.RepositoryConfigurationDelegate : Bootstrapping Spring Data JPA repositories in DEFAULT mode.
2022-08-22 10:13:48.774  INFO 6740 --- [main] .s.d.r.c.RepositoryConfigurationDelegate : Finished Spring Data repository scanning in 33 ms. Found 2 JPA repository interfaces.
2022-08-22 10:13:49.167  INFO 6740 --- [main] o.s.b.w.embedded.tomcat.TomcatWebServer  : Tomcat initialized with port(s): 8080 (http)
2022-08-22 10:13:49.174  INFO 6740 --- [main] o.apache.catalina.core.StandardService   : Starting service [Tomcat]
2022-08-22 10:13:49.175  INFO 6740 --- [main] org.apache.catalina.core.StandardEngine  : Starting Servlet engine: [Apache Tomcat/9.0.60]
2022-08-22 10:13:49.248  INFO 6740 --- [main] o.a.c.c.C.[Tomcat].[localhost].[/]       : Initializing Spring embedded WebApplicationContext
2022-08-22 10:13:49.248  INFO 6740 --- [main] w.s.c.ServletWebServerApplicationContext : Root WebApplicationContext: initialization completed in 909 ms
2022-08-22 10:13:49.341  INFO 6740 --- [main] com.zaxxer.hikari.HikariDataSource       : HikariPool-1 - Starting...
2022-08-22 10:13:49.554  INFO 6740 --- [main] com.zaxxer.hikari.HikariDataSource       : HikariPool-1 - Start completed.
2022-08-22 10:13:50.220  INFO 6740 --- [main] j.LocalContainerEntityManagerFactoryBean : Initialized JPA EntityManagerFactory for persistence unit 'default'
2022-08-22 10:13:50.470  WARN 6740 --- [main] JpaBaseConfiguration$JpaWebConfiguration : spring.jpa.open-in-view is enabled by default. Therefore, database queries may be performed during view rendering. Explicitly configure spring.jpa.open-in-view to disable this warning
2022-08-22 10:13:50.728  INFO 6740 --- [main] o.s.s.web.DefaultSecurityFilterChain     : Will not secure any request
2022-08-22 10:13:51.014  WARN 6740 --- [main] ConfigServletWebServerApplicationContext : Exception encountered during context initialization - cancelling refresh attempt: org.springframework.context.ApplicationContextException: Failed to start bean 'webServerStartStop'; nested exception is org.springframework.boot.web.server.PortInUseException: Port 8080 is already in use
2022-08-22 10:13:51.016  INFO 6740 --- [main] j.LocalContainerEntityManagerFactoryBean : Closing JPA EntityManagerFactory for persistence unit 'default'
2022-08-22 10:13:51.019  INFO 6740 --- [main] com.zaxxer.hikari.HikariDataSource       : HikariPool-1 - Shutdown initiated...
2022-08-22 10:13:51.024  INFO 6740 --- [main] com.zaxxer.hikari.HikariDataSource       : HikariPool-1 - Shutdown completed.
2022-08-22 10:13:51.025  INFO 6740 --- [main] o.apache.catalina.core.StandardService   : Stopping service [Tomcat]
2022-08-22 10:13:51.038  INFO 6740 --- [main] ConditionEvaluationReportLoggingListener : 

Error starting ApplicationContext. To display the conditions report re-run your application with 'debug' enabled.
2022-08-22 10:13:51.078 ERROR 6740 --- [main] o.s.b.d.LoggingFailureAnalysisReporter   : 

***************************
APPLICATION FAILED TO START
***************************

Description:

Web server failed to start. Port 8080 was already in use.

Action:

Identify and stop the process that's listening on port 8080 or configure this application to listen on another port.

